<?xml version="1.0" encoding="UTF-8"?>
<Site BuildName="Darwin-clang++"
	BuildStamp="20230803-1123-Experimental"
	Name="c1r5s7.42seoul.kr"
	Generator="ctest-3.25.2"
	CompilerName="/usr/bin/clang++"
	CompilerVersion="12.0.0.12000032"
	OSName="Mac OS X"
	Hostname="c1r7s6.42seoul.kr"
	OSRelease="10.15.7"
	OSVersion="19H2026"
	OSPlatform="x86_64"
	Is64Bits="1"
	VendorString="GenuineIntel"
	VendorID="Intel Corporation"
	FamilyID="6"
	ModelID="158"
	ProcessorCacheSize="32768"
	NumberOfLogicalCPU="6"
	NumberOfPhysicalCPU="6"
	TotalVirtualMemory="0"
	TotalPhysicalMemory="32768"
	LogicalProcessorsPerPhysical="8"
	ProcessorClockFrequency="3100"
	>
	<Testing>
		<StartDateTime>Aug 03 20:23 KST</StartDateTime>
		<StartTestTime>1691061832</StartTestTime>
		<TestList/>
		<EndDateTime>Aug 03 20:23 KST</EndDateTime>
		<EndTestTime>1691061832</EndTestTime>
		<ElapsedMinutes>0</ElapsedMinutes>
	</Testing>
</Site>
